[2018-06-05 02:18:38] production.ERROR: InvalidArgumentException: The "" directory does not exist. in /home/ggoston/public_html/cebuwebsites.com/clinicsuite/vendor/symfony/finder/Finder.php:547
Stack trace:
#0 /home/ggoston/public_html/cebuwebsites.com/clinicsuite/vendor/laravel/framework/src/Illuminate/Foundation/Bootstrap/LoadConfiguration.php(87): Symfony\Component\Finder\Finder->in(false)
#1 /home/ggoston/public_html/cebuwebsites.com/clinicsuite/vendor/laravel/framework/src/Illuminate/Foundation/Bootstrap/LoadConfiguration.php(64): Illuminate\Foundation\Bootstrap\LoadConfiguration->getConfigurationFiles(Object(Illuminate\Foundation\Application))
#2 /home/ggoston/public_html/cebuwebsites.com/clinicsuite/vendor/laravel/framework/src/Illuminate/Foundation/Bootstrap/LoadConfiguration.php(39): Illuminate\Foundation\Bootstrap\LoadConfiguration->loadConfigurationFiles(Object(Illuminate\Foundation\Application), Object(Illuminate\Config\Repository))
#3 /home/ggoston/public_html/cebuwebsites.com/clinicsuite/vendor/laravel/framework/src/Illuminate/Foundation/Application.php(208): Illuminate\Foundation\Bootstrap\LoadConfiguration->bootstrap(Object(Illuminate\Foundation\Application))
#4 /home/ggoston/public_html/cebuwebsites.com/clinicsuite/vendor/laravel/framework/src/Illuminate/Foundation/Http/Kernel.php(162): Illuminate\Foundation\Application->bootstrapWith(Array)
#5 /home/ggoston/public_html/cebuwebsites.com/clinicsuite/vendor/laravel/framework/src/Illuminate/Foundation/Http/Kernel.php(146): Illuminate\Foundation\Http\Kernel->bootstrap()
#6 /home/ggoston/public_html/cebuwebsites.com/clinicsuite/vendor/laravel/framework/src/Illuminate/Foundation/Http/Kernel.php(116): Illuminate\Foundation\Http\Kernel->sendRequestThroughRouter(Object(Illuminate\Http\Request))
#7 /home/ggoston/public_html/cebuwebsites.com/clinicsuite/public/index.php(53): Illuminate\Foundation\Http\Kernel->handle(Object(Illuminate\Http\Request))
#8 /home/ggoston/public_html/cebuwebsites.com/clinicsuite/server.php(21): require_once('/home/ggoston/p...')
#9 {main}  
[2018-06-05 02:18:41] production.ERROR: InvalidArgumentException: The "" directory does not exist. in /home/ggoston/public_html/cebuwebsites.com/clinicsuite/vendor/symfony/finder/Finder.php:547
Stack trace:
#0 /home/ggoston/public_html/cebuwebsites.com/clinicsuite/vendor/laravel/framework/src/Illuminate/Foundation/Bootstrap/LoadConfiguration.php(87): Symfony\Component\Finder\Finder->in(false)
#1 /home/ggoston/public_html/cebuwebsites.com/clinicsuite/vendor/laravel/framework/src/Illuminate/Foundation/Bootstrap/LoadConfiguration.php(64): Illuminate\Foundation\Bootstrap\LoadConfiguration->getConfigurationFiles(Object(Illuminate\Foundation\Application))
#2 /home/ggoston/public_html/cebuwebsites.com/clinicsuite/vendor/laravel/framework/src/Illuminate/Foundation/Bootstrap/LoadConfiguration.php(39): Illuminate\Foundation\Bootstrap\LoadConfiguration->loadConfigurationFiles(Object(Illuminate\Foundation\Application), Object(Illuminate\Config\Repository))
#3 /home/ggoston/public_html/cebuwebsites.com/clinicsuite/vendor/laravel/framework/src/Illuminate/Foundation/Application.php(208): Illuminate\Foundation\Bootstrap\LoadConfiguration->bootstrap(Object(Illuminate\Foundation\Application))
#4 /home/ggoston/public_html/cebuwebsites.com/clinicsuite/vendor/laravel/framework/src/Illuminate/Foundation/Http/Kernel.php(162): Illuminate\Foundation\Application->bootstrapWith(Array)
#5 /home/ggoston/public_html/cebuwebsites.com/clinicsuite/vendor/laravel/framework/src/Illuminate/Foundation/Http/Kernel.php(146): Illuminate\Foundation\Http\Kernel->bootstrap()
#6 /home/ggoston/public_html/cebuwebsites.com/clinicsuite/vendor/laravel/framework/src/Illuminate/Foundation/Http/Kernel.php(116): Illuminate\Foundation\Http\Kernel->sendRequestThroughRouter(Object(Illuminate\Http\Request))
#7 /home/ggoston/public_html/cebuwebsites.com/clinicsuite/public/index.php(53): Illuminate\Foundation\Http\Kernel->handle(Object(Illuminate\Http\Request))
#8 /home/ggoston/public_html/cebuwebsites.com/clinicsuite/server.php(21): require_once('/home/ggoston/p...')
#9 {main}  
[2018-06-05 02:18:43] production.ERROR: InvalidArgumentException: The "" directory does not exist. in /home/ggoston/public_html/cebuwebsites.com/clinicsuite/vendor/symfony/finder/Finder.php:547
Stack trace:
#0 /home/ggoston/public_html/cebuwebsites.com/clinicsuite/vendor/laravel/framework/src/Illuminate/Foundation/Bootstrap/LoadConfiguration.php(87): Symfony\Component\Finder\Finder->in(false)
#1 /home/ggoston/public_html/cebuwebsites.com/clinicsuite/vendor/laravel/framework/src/Illuminate/Foundation/Bootstrap/LoadConfiguration.php(64): Illuminate\Foundation\Bootstrap\LoadConfiguration->getConfigurationFiles(Object(Illuminate\Foundation\Application))
#2 /home/ggoston/public_html/cebuwebsites.com/clinicsuite/vendor/laravel/framework/src/Illuminate/Foundation/Bootstrap/LoadConfiguration.php(39): Illuminate\Foundation\Bootstrap\LoadConfiguration->loadConfigurationFiles(Object(Illuminate\Foundation\Application), Object(Illuminate\Config\Repository))
#3 /home/ggoston/public_html/cebuwebsites.com/clinicsuite/vendor/laravel/framework/src/Illuminate/Foundation/Application.php(208): Illuminate\Foundation\Bootstrap\LoadConfiguration->bootstrap(Object(Illuminate\Foundation\Application))
#4 /home/ggoston/public_html/cebuwebsites.com/clinicsuite/vendor/laravel/framework/src/Illuminate/Foundation/Http/Kernel.php(162): Illuminate\Foundation\Application->bootstrapWith(Array)
#5 /home/ggoston/public_html/cebuwebsites.com/clinicsuite/vendor/laravel/framework/src/Illuminate/Foundation/Http/Kernel.php(146): Illuminate\Foundation\Http\Kernel->bootstrap()
#6 /home/ggoston/public_html/cebuwebsites.com/clinicsuite/vendor/laravel/framework/src/Illuminate/Foundation/Http/Kernel.php(116): Illuminate\Foundation\Http\Kernel->sendRequestThroughRouter(Object(Illuminate\Http\Request))
#7 /home/ggoston/public_html/cebuwebsites.com/clinicsuite/public/index.php(53): Illuminate\Foundation\Http\Kernel->handle(Object(Illuminate\Http\Request))
#8 /home/ggoston/public_html/cebuwebsites.com/clinicsuite/server.php(21): require_once('/home/ggoston/p...')
#9 {main}  
[2018-06-05 02:42:17] production.ERROR: InvalidArgumentException: The "" directory does not exist. in /home/ggoston/public_html/cebuwebsites.com/clinicsuite/vendor/symfony/finder/Finder.php:547
Stack trace:
#0 /home/ggoston/public_html/cebuwebsites.com/clinicsuite/vendor/laravel/framework/src/Illuminate/Foundation/Bootstrap/LoadConfiguration.php(87): Symfony\Component\Finder\Finder->in(false)
#1 /home/ggoston/public_html/cebuwebsites.com/clinicsuite/vendor/laravel/framework/src/Illuminate/Foundation/Bootstrap/LoadConfiguration.php(64): Illuminate\Foundation\Bootstrap\LoadConfiguration->getConfigurationFiles(Object(Illuminate\Foundation\Application))
#2 /home/ggoston/public_html/cebuwebsites.com/clinicsuite/vendor/laravel/framework/src/Illuminate/Foundation/Bootstrap/LoadConfiguration.php(39): Illuminate\Foundation\Bootstrap\LoadConfiguration->loadConfigurationFiles(Object(Illuminate\Foundation\Application), Object(Illuminate\Config\Repository))
#3 /home/ggoston/public_html/cebuwebsites.com/clinicsuite/vendor/laravel/framework/src/Illuminate/Foundation/Application.php(208): Illuminate\Foundation\Bootstrap\LoadConfiguration->bootstrap(Object(Illuminate\Foundation\Application))
#4 /home/ggoston/public_html/cebuwebsites.com/clinicsuite/vendor/laravel/framework/src/Illuminate/Foundation/Http/Kernel.php(162): Illuminate\Foundation\Application->bootstrapWith(Array)
#5 /home/ggoston/public_html/cebuwebsites.com/clinicsuite/vendor/laravel/framework/src/Illuminate/Foundation/Http/Kernel.php(146): Illuminate\Foundation\Http\Kernel->bootstrap()
#6 /home/ggoston/public_html/cebuwebsites.com/clinicsuite/vendor/laravel/framework/src/Illuminate/Foundation/Http/Kernel.php(116): Illuminate\Foundation\Http\Kernel->sendRequestThroughRouter(Object(Illuminate\Http\Request))
#7 /home/ggoston/public_html/cebuwebsites.com/clinicsuite/public/index.php(53): Illuminate\Foundation\Http\Kernel->handle(Object(Illuminate\Http\Request))
#8 /home/ggoston/public_html/cebuwebsites.com/clinicsuite/server.php(21): require_once('/home/ggoston/p...')
#9 {main}  
